<?xml version="1.0" encoding="UTF-8"?>
<testng-results ignored="0" total="12" passed="11" failed="1" skipped="0">
  <reporter-output>
  </reporter-output>
  <suite started-at="2024-02-29T13:24:56 IST" name="Suite" finished-at="2024-02-29T13:26:56 IST" duration-ms="120579">
    <groups>
      <group name="regression">
        <method signature="TC_01_CarWashingServices.checkLocation()[pri:1, instance:testCases.TC_01_CarWashingServices@273444fe]" name="checkLocation" class="testCases.TC_01_CarWashingServices"/>
        <method signature="TC_03_Gyms.printGymSubList()[pri:2, instance:testCases.TC_03_Gyms@6fa51cd4]" name="printGymSubList" class="testCases.TC_03_Gyms"/>
        <method signature="TC_02_LauchFreeListing.printInvalidMessage()[pri:3, instance:testCases.TC_02_LauchFreeListing@402c4085]" name="printInvalidMessage" class="testCases.TC_02_LauchFreeListing"/>
        <method signature="TC_03_Gyms.printSubMenuList()[pri:3, instance:testCases.TC_03_Gyms@6fa51cd4]" name="printSubMenuList" class="testCases.TC_03_Gyms"/>
        <method signature="TC_02_LauchFreeListing.navigateBack()[pri:4, instance:testCases.TC_02_LauchFreeListing@402c4085]" name="navigateBack" class="testCases.TC_02_LauchFreeListing"/>
        <method signature="TC_01_CarWashingServices.printCarWashingSrvcsDetails()[pri:5, instance:testCases.TC_01_CarWashingServices@273444fe]" name="printCarWashingSrvcsDetails" class="testCases.TC_01_CarWashingServices"/>
      </group> <!-- regression -->
      <group name="sanity">
        <method signature="TC_01_CarWashingServices.checkLocation()[pri:1, instance:testCases.TC_01_CarWashingServices@273444fe]" name="checkLocation" class="testCases.TC_01_CarWashingServices"/>
        <method signature="TC_02_LauchFreeListing.launchFreeListing()[pri:1, instance:testCases.TC_02_LauchFreeListing@402c4085]" name="launchFreeListing" class="testCases.TC_02_LauchFreeListing"/>
        <method signature="TC_03_Gyms.clickGymSection()[pri:1, instance:testCases.TC_03_Gyms@6fa51cd4]" name="clickGymSection" class="testCases.TC_03_Gyms"/>
        <method signature="TC_01_CarWashingServices.searchCarWashingSrvcs()[pri:2, instance:testCases.TC_01_CarWashingServices@273444fe]" name="searchCarWashingSrvcs" class="testCases.TC_01_CarWashingServices"/>
        <method signature="TC_02_LauchFreeListing.clickStartNowBtn()[pri:2, instance:testCases.TC_02_LauchFreeListing@402c4085]" name="clickStartNowBtn" class="testCases.TC_02_LauchFreeListing"/>
        <method signature="TC_01_CarWashingServices.applyFilters()[pri:3, instance:testCases.TC_01_CarWashingServices@273444fe]" name="applyFilters" class="testCases.TC_01_CarWashingServices"/>
        <method signature="TC_01_CarWashingServices.clickContactButton()[pri:4, instance:testCases.TC_01_CarWashingServices@273444fe]" name="clickContactButton" class="testCases.TC_01_CarWashingServices"/>
      </group> <!-- sanity -->
      <group name="master">
        <method signature="TC_01_CarWashingServices.checkLocation()[pri:1, instance:testCases.TC_01_CarWashingServices@273444fe]" name="checkLocation" class="testCases.TC_01_CarWashingServices"/>
        <method signature="TC_02_LauchFreeListing.launchFreeListing()[pri:1, instance:testCases.TC_02_LauchFreeListing@402c4085]" name="launchFreeListing" class="testCases.TC_02_LauchFreeListing"/>
        <method signature="TC_03_Gyms.clickGymSection()[pri:1, instance:testCases.TC_03_Gyms@6fa51cd4]" name="clickGymSection" class="testCases.TC_03_Gyms"/>
        <method signature="TC_01_CarWashingServices.searchCarWashingSrvcs()[pri:2, instance:testCases.TC_01_CarWashingServices@273444fe]" name="searchCarWashingSrvcs" class="testCases.TC_01_CarWashingServices"/>
        <method signature="TC_02_LauchFreeListing.clickStartNowBtn()[pri:2, instance:testCases.TC_02_LauchFreeListing@402c4085]" name="clickStartNowBtn" class="testCases.TC_02_LauchFreeListing"/>
        <method signature="TC_03_Gyms.printGymSubList()[pri:2, instance:testCases.TC_03_Gyms@6fa51cd4]" name="printGymSubList" class="testCases.TC_03_Gyms"/>
        <method signature="TC_01_CarWashingServices.applyFilters()[pri:3, instance:testCases.TC_01_CarWashingServices@273444fe]" name="applyFilters" class="testCases.TC_01_CarWashingServices"/>
        <method signature="TC_02_LauchFreeListing.printInvalidMessage()[pri:3, instance:testCases.TC_02_LauchFreeListing@402c4085]" name="printInvalidMessage" class="testCases.TC_02_LauchFreeListing"/>
        <method signature="TC_03_Gyms.printSubMenuList()[pri:3, instance:testCases.TC_03_Gyms@6fa51cd4]" name="printSubMenuList" class="testCases.TC_03_Gyms"/>
        <method signature="TC_01_CarWashingServices.clickContactButton()[pri:4, instance:testCases.TC_01_CarWashingServices@273444fe]" name="clickContactButton" class="testCases.TC_01_CarWashingServices"/>
        <method signature="TC_02_LauchFreeListing.navigateBack()[pri:4, instance:testCases.TC_02_LauchFreeListing@402c4085]" name="navigateBack" class="testCases.TC_02_LauchFreeListing"/>
        <method signature="TC_01_CarWashingServices.printCarWashingSrvcsDetails()[pri:5, instance:testCases.TC_01_CarWashingServices@273444fe]" name="printCarWashingSrvcsDetails" class="testCases.TC_01_CarWashingServices"/>
      </group> <!-- master -->
    </groups>
    <test started-at="2024-02-29T13:24:56 IST" name="Test" finished-at="2024-02-29T13:26:56 IST" duration-ms="120579">
      <class name="testCases.TC_02_LauchFreeListing">
        <test-method signature="launchFreeListing()[pri:1, instance:testCases.TC_02_LauchFreeListing@402c4085]" started-at="2024-02-29T13:26:33 IST" name="launchFreeListing" finished-at="2024-02-29T13:26:37 IST" duration-ms="4185" status="PASS">
          <reporter-output>
          </reporter-output>
        </test-method> <!-- launchFreeListing -->
        <test-method signature="clickStartNowBtn()[pri:2, instance:testCases.TC_02_LauchFreeListing@402c4085]" started-at="2024-02-29T13:26:37 IST" name="clickStartNowBtn" finished-at="2024-02-29T13:26:39 IST" duration-ms="2109" status="PASS">
          <reporter-output>
          </reporter-output>
        </test-method> <!-- clickStartNowBtn -->
        <test-method signature="printInvalidMessage()[pri:3, instance:testCases.TC_02_LauchFreeListing@402c4085]" started-at="2024-02-29T13:26:39 IST" name="printInvalidMessage" finished-at="2024-02-29T13:26:41 IST" duration-ms="2048" status="PASS">
          <reporter-output>
          </reporter-output>
        </test-method> <!-- printInvalidMessage -->
        <test-method signature="navigateBack()[pri:4, instance:testCases.TC_02_LauchFreeListing@402c4085]" started-at="2024-02-29T13:26:42 IST" name="navigateBack" finished-at="2024-02-29T13:26:44 IST" duration-ms="2061" status="PASS">
          <reporter-output>
          </reporter-output>
        </test-method> <!-- navigateBack -->
      </class> <!-- testCases.TC_02_LauchFreeListing -->
      <class name="testCases.TC_03_Gyms">
        <test-method signature="clickGymSection()[pri:1, instance:testCases.TC_03_Gyms@6fa51cd4]" started-at="2024-02-29T13:26:44 IST" name="clickGymSection" finished-at="2024-02-29T13:26:48 IST" duration-ms="3749" status="PASS">
          <reporter-output>
          </reporter-output>
        </test-method> <!-- clickGymSection -->
        <test-method signature="printGymSubList()[pri:2, instance:testCases.TC_03_Gyms@6fa51cd4]" started-at="2024-02-29T13:26:48 IST" name="printGymSubList" finished-at="2024-02-29T13:26:53 IST" duration-ms="5187" status="PASS">
          <reporter-output>
          </reporter-output>
        </test-method> <!-- printGymSubList -->
        <test-method signature="printSubMenuList()[pri:3, instance:testCases.TC_03_Gyms@6fa51cd4]" started-at="2024-02-29T13:26:54 IST" name="printSubMenuList" finished-at="2024-02-29T13:26:55 IST" duration-ms="1233" status="FAIL">
          <exception class="org.openqa.selenium.ElementClickInterceptedException">
            <message>
              <![CDATA[element click intercepted: Element <li role="menuitem" tabindex="0" aria-haspopup="listbox" class="jsx-6ab5af3a8693e5db resfilter_item_outer   ">...</li> is not clickable at point (67, 300). Other element would receive the click: <section class="jsx-ed08c56ad83f4a78 jd_modal new__login_pop loginPop ">...</section>
  (Session info: chrome=117.0.5938.150)
Build info: version: '4.17.0', revision: 'e52b1be057*'
System info: os.name: 'Windows 11', os.arch: 'amd64', os.version: '10.0', java.version: '17.0.9'
Driver info: org.openqa.selenium.chrome.ChromeDriver
Command: [1bad10f105666e1f8616734c1d12f88d, clickElement {id=257EE2474F562A632533BCCEEB87FBCD_element_402}]
Capabilities {acceptInsecureCerts: false, browserName: chrome, browserVersion: 117.0.5938.150, chrome: {chromedriverVersion: 117.0.5938.149 (e3344ddefa1..., userDataDir: C:\Windows\SystemTemp\scope...}, fedcm:accounts: true, goog:chromeOptions: {debuggerAddress: localhost:54738}, networkConnectionEnabled: false, pageLoadStrategy: normal, platformName: windows, proxy: Proxy(), se:cdp: ws://localhost:54738/devtoo..., se:cdpVersion: 117.0.5938.150, setWindowRect: true, strictFileInteractability: false, timeouts: {implicit: 0, pageLoad: 300000, script: 30000}, unhandledPromptBehavior: dismiss and notify, webauthn:extension:credBlob: true, webauthn:extension:largeBlob: true, webauthn:extension:minPinLength: true, webauthn:extension:prf: true, webauthn:virtualAuthenticators: true}
Element: [[ChromeDriver: chrome on windows (1bad10f105666e1f8616734c1d12f88d)] -> xpath: //ul[@id="filter_ul"]/li]
Session ID: 1bad10f105666e1f8616734c1d12f88d]]>
            </message>
            <full-stacktrace>
              <![CDATA[org.openqa.selenium.ElementClickInterceptedException: element click intercepted: Element <li role="menuitem" tabindex="0" aria-haspopup="listbox" class="jsx-6ab5af3a8693e5db resfilter_item_outer   ">...</li> is not clickable at point (67, 300). Other element would receive the click: <section class="jsx-ed08c56ad83f4a78 jd_modal new__login_pop loginPop ">...</section>
  (Session info: chrome=117.0.5938.150)
Build info: version: '4.17.0', revision: 'e52b1be057*'
System info: os.name: 'Windows 11', os.arch: 'amd64', os.version: '10.0', java.version: '17.0.9'
Driver info: org.openqa.selenium.chrome.ChromeDriver
Command: [1bad10f105666e1f8616734c1d12f88d, clickElement {id=257EE2474F562A632533BCCEEB87FBCD_element_402}]
Capabilities {acceptInsecureCerts: false, browserName: chrome, browserVersion: 117.0.5938.150, chrome: {chromedriverVersion: 117.0.5938.149 (e3344ddefa1..., userDataDir: C:\Windows\SystemTemp\scope...}, fedcm:accounts: true, goog:chromeOptions: {debuggerAddress: localhost:54738}, networkConnectionEnabled: false, pageLoadStrategy: normal, platformName: windows, proxy: Proxy(), se:cdp: ws://localhost:54738/devtoo..., se:cdpVersion: 117.0.5938.150, setWindowRect: true, strictFileInteractability: false, timeouts: {implicit: 0, pageLoad: 300000, script: 30000}, unhandledPromptBehavior: dismiss and notify, webauthn:extension:credBlob: true, webauthn:extension:largeBlob: true, webauthn:extension:minPinLength: true, webauthn:extension:prf: true, webauthn:virtualAuthenticators: true}
Element: [[ChromeDriver: chrome on windows (1bad10f105666e1f8616734c1d12f88d)] -> xpath: //ul[@id="filter_ul"]/li]
Session ID: 1bad10f105666e1f8616734c1d12f88d
at java.base/jdk.internal.reflect.NativeConstructorAccessorImpl.newInstance0(Native Method)
at java.base/jdk.internal.reflect.NativeConstructorAccessorImpl.newInstance(NativeConstructorAccessorImpl.java:77)
at java.base/jdk.internal.reflect.DelegatingConstructorAccessorImpl.newInstance(DelegatingConstructorAccessorImpl.java:45)
at java.base/java.lang.reflect.Constructor.newInstanceWithCaller(Constructor.java:499)
at java.base/java.lang.reflect.Constructor.newInstance(Constructor.java:480)
at org.openqa.selenium.remote.codec.w3c.W3CHttpResponseCodec.createException(W3CHttpResponseCodec.java:185)
at org.openqa.selenium.remote.codec.w3c.W3CHttpResponseCodec.decode(W3CHttpResponseCodec.java:134)
at org.openqa.selenium.remote.codec.w3c.W3CHttpResponseCodec.decode(W3CHttpResponseCodec.java:51)
at org.openqa.selenium.remote.HttpCommandExecutor.execute(HttpCommandExecutor.java:190)
at org.openqa.selenium.remote.service.DriverCommandExecutor.invokeExecute(DriverCommandExecutor.java:216)
at org.openqa.selenium.remote.service.DriverCommandExecutor.execute(DriverCommandExecutor.java:174)
at org.openqa.selenium.remote.RemoteWebDriver.execute(RemoteWebDriver.java:519)
at org.openqa.selenium.remote.RemoteWebElement.execute(RemoteWebElement.java:223)
at org.openqa.selenium.remote.RemoteWebElement.click(RemoteWebElement.java:76)
at pageObjects.Gyms.subMenuDetails(Gyms.java:50)
at testCases.TC_03_Gyms.printSubMenuList(TC_03_Gyms.java:32)
at java.base/jdk.internal.reflect.NativeMethodAccessorImpl.invoke0(Native Method)
at java.base/jdk.internal.reflect.NativeMethodAccessorImpl.invoke(NativeMethodAccessorImpl.java:77)
at java.base/jdk.internal.reflect.DelegatingMethodAccessorImpl.invoke(DelegatingMethodAccessorImpl.java:43)
at java.base/java.lang.reflect.Method.invoke(Method.java:568)
at org.testng.internal.invokers.MethodInvocationHelper.invokeMethod(MethodInvocationHelper.java:139)
at org.testng.internal.invokers.TestInvoker.invokeMethod(TestInvoker.java:664)
at org.testng.internal.invokers.TestInvoker.invokeTestMethod(TestInvoker.java:228)
at org.testng.internal.invokers.MethodRunner.runInSequence(MethodRunner.java:63)
at org.testng.internal.invokers.TestInvoker$MethodInvocationAgent.invoke(TestInvoker.java:961)
at org.testng.internal.invokers.TestInvoker.invokeTestMethods(TestInvoker.java:201)
at org.testng.internal.invokers.TestMethodWorker.invokeTestMethods(TestMethodWorker.java:148)
at org.testng.internal.invokers.TestMethodWorker.run(TestMethodWorker.java:128)
at java.base/java.util.ArrayList.forEach(ArrayList.java:1511)
at org.testng.TestRunner.privateRun(TestRunner.java:819)
at org.testng.TestRunner.run(TestRunner.java:619)
at org.testng.SuiteRunner.runTest(SuiteRunner.java:443)
at org.testng.SuiteRunner.runSequentially(SuiteRunner.java:437)
at org.testng.SuiteRunner.privateRun(SuiteRunner.java:397)
at org.testng.SuiteRunner.run(SuiteRunner.java:336)
at org.testng.SuiteRunnerWorker.runSuite(SuiteRunnerWorker.java:52)
at org.testng.SuiteRunnerWorker.run(SuiteRunnerWorker.java:95)
at org.testng.TestNG.runSuitesSequentially(TestNG.java:1301)
at org.testng.TestNG.runSuitesLocally(TestNG.java:1228)
at org.testng.TestNG.runSuites(TestNG.java:1134)
at org.testng.TestNG.run(TestNG.java:1101)
at org.testng.remote.AbstractRemoteTestNG.run(AbstractRemoteTestNG.java:115)
at org.testng.remote.RemoteTestNG.initAndRun(RemoteTestNG.java:251)
at org.testng.remote.RemoteTestNG.main(RemoteTestNG.java:77)
]]>
            </full-stacktrace>
          </exception> <!-- org.openqa.selenium.ElementClickInterceptedException -->
          <reporter-output>
          </reporter-output>
        </test-method> <!-- printSubMenuList -->
      </class> <!-- testCases.TC_03_Gyms -->
      <class name="testCases.TC_01_CarWashingServices">
        <test-method is-config="true" signature="setup(java.lang.String,java.lang.String)[pri:0, instance:testCases.TC_01_CarWashingServices@273444fe]" started-at="2024-02-29T13:24:56 IST" name="setup" finished-at="2024-02-29T13:25:22 IST" duration-ms="25869" status="PASS">
          <params>
            <param index="0">
              <value>
                <![CDATA[Windows]]>
              </value>
            </param>
            <param index="1">
              <value>
                <![CDATA[chrome]]>
              </value>
            </param>
          </params>
          <reporter-output>
          </reporter-output>
        </test-method> <!-- setup -->
        <test-method signature="checkLocation()[pri:1, instance:testCases.TC_01_CarWashingServices@273444fe]" started-at="2024-02-29T13:25:22 IST" name="checkLocation" finished-at="2024-02-29T13:25:46 IST" duration-ms="23241" status="PASS">
          <reporter-output>
          </reporter-output>
        </test-method> <!-- checkLocation -->
        <test-method signature="searchCarWashingSrvcs()[pri:2, instance:testCases.TC_01_CarWashingServices@273444fe]" started-at="2024-02-29T13:25:46 IST" name="searchCarWashingSrvcs" finished-at="2024-02-29T13:25:53 IST" duration-ms="7008" status="PASS">
          <reporter-output>
          </reporter-output>
        </test-method> <!-- searchCarWashingSrvcs -->
        <test-method signature="applyFilters()[pri:3, instance:testCases.TC_01_CarWashingServices@273444fe]" started-at="2024-02-29T13:25:53 IST" name="applyFilters" finished-at="2024-02-29T13:26:01 IST" duration-ms="7719" status="PASS">
          <reporter-output>
          </reporter-output>
        </test-method> <!-- applyFilters -->
        <test-method signature="clickContactButton()[pri:4, instance:testCases.TC_01_CarWashingServices@273444fe]" started-at="2024-02-29T13:26:01 IST" name="clickContactButton" finished-at="2024-02-29T13:26:24 IST" duration-ms="22669" status="PASS">
          <reporter-output>
          </reporter-output>
        </test-method> <!-- clickContactButton -->
        <test-method signature="printCarWashingSrvcsDetails()[pri:5, instance:testCases.TC_01_CarWashingServices@273444fe]" started-at="2024-02-29T13:26:24 IST" name="printCarWashingSrvcsDetails" finished-at="2024-02-29T13:26:32 IST" duration-ms="7958" status="PASS">
          <reporter-output>
          </reporter-output>
        </test-method> <!-- printCarWashingSrvcsDetails -->
        <test-method is-config="true" signature="tearDown()[pri:0, instance:testCases.TC_01_CarWashingServices@273444fe]" started-at="2024-02-29T13:26:55 IST" name="tearDown" finished-at="2024-02-29T13:26:56 IST" duration-ms="1302" status="PASS">
          <reporter-output>
          </reporter-output>
        </test-method> <!-- tearDown -->
      </class> <!-- testCases.TC_01_CarWashingServices -->
    </test> <!-- Test -->
  </suite> <!-- Suite -->
</testng-results>
